<?xml version="1.0" encoding="UTF-8" ?>
<testsuite errors="0" failures="0" hostname="p18.arquivo.pt" name="pt.fccn.arquivo.tests.AllTests" tests="8" time="265.264" timestamp="2016-02-18T15:48:32">
  <properties>
[...]
</properties>
  <testcase classname="pt.fccn.arquivo.tests.TestSearchOneTerm" name="testSearchOneTerm" time="4.433" />
  <testcase classname="pt.fccn.arquivo.tests.HighlightsTest" name="highlightLinkTest" time="13.35" />
  <testcase classname="pt.fccn.arquivo.tests.TermsAndConditionsTest" name="termsAndConditionsTest" time="4.237" />
  <testcase classname="pt.fccn.arquivo.tests.TestSponsorImage" name="test" time="1.057" />
  <testcase classname="pt.fccn.arquivo.tests.TestSearchOneTermOpenSearch" name="testSearchOneTermOpenSearch" time="3.563" />
  <testcase classname="pt.fccn.arquivo.tests.TestArcproxy" name="TestArcproxy" time="199.325" />
  <testcase classname="pt.fccn.arquivo.tests.AdvancedTest" name="AdvancedTest" time="5.419" />
  <testcase classname="pt.fccn.arquivo.tests.UrlsearchTest" name="AdvancedTest" time="5.673" />
  <system-out><![CDATA[Run test localy
Running testSearchOneTerm. 
Run test localy
Running HighlightsTest. 
Run test localy
Running TermsAndConditionsTest. 
Run test localy
Running TestSponsorImage. 
Run test localy
Running TestSearchOneTermOpenSearch. 
Run test localy
Running TestArcproxy. 
Run test localy
Running AdvancedTest. 
Run test localy
Running UrlsearchTest. 
]]></system-out>
  <system-err><![CDATA[]]></system-err>
</testsuite>
